<?xml version="1.0" encoding="UTF-8"?>
<!-- Generated by org.testng.reporters.JUnitReportReporter -->
<testsuite hostname="DESKTOP-332345G" failures="0" tests="2" name="RWS.tests.AccessibilityTest" time="67.345" errors="0" timestamp="2024-04-16T17:18:48 IST" skipped="0">
  <testcase classname="RWS.tests.AccessibilityTest" name="Operable" time="34.135"/>
  <testcase classname="RWS.tests.AccessibilityTest" name="Perceivable" time="33.210"/>
</testsuite> <!-- RWS.tests.AccessibilityTest -->
